<?xml version="1.0" encoding="UTF-8"?>
<!-- Generated by org.testng.reporters.JUnitReportReporter -->
<testsuite skipped="0" hostname="Gistain-PC" name="qaclickacademy.SeleniumTest" tests="2" failures="0" timestamp="22 Jan 2019 21:09:10 GMT" time="0.012" errors="0">
  <testcase name="BrowserAutomation" time="0.012" classname="qaclickacademy.SeleniumTest"/>
  <testcase name="elementsUI" time="0.000" classname="qaclickacademy.SeleniumTest"/>
</testsuite> <!-- qaclickacademy.SeleniumTest -->
